<?xml version="1.0" encoding="UTF-8"?>
<testsuite name="crio.aman.service.impl.UserServiceTest" tests="1" skipped="0" failures="0" errors="0" timestamp="2024-04-27T12:59:07" hostname="ANUJGUPTA" time="0.064">
  <properties/>
  <testcase name="getAllUsers()" classname="crio.aman.service.impl.UserServiceTest" time="0.064"/>
  <system-out><![CDATA[]]></system-out>
  <system-err><![CDATA[]]></system-err>
</testsuite>
